<?xml version="1.0" encoding="UTF-8"?>
<testng-results skipped="0" failed="2" ignored="0" total="9" passed="7">
  <reporter-output>
  </reporter-output>
  <suite name="Default suite" duration-ms="113919" started-at="2023-03-16T20:20:23 IST" finished-at="2023-03-16T20:22:17 IST">
    <groups>
    </groups>
    <test name="Default test" duration-ms="113919" started-at="2023-03-16T20:20:23 IST" finished-at="2023-03-16T20:22:17 IST">
      <class name="testscripts.ExecuteFile">
        <test-method status="PASS" signature="setup()[pri:0, instance:testscripts.ExecuteFile@1e4a7dd4]" name="setup" is-config="true" duration-ms="12925" started-at="2023-03-16T20:20:23 IST" finished-at="2023-03-16T20:20:36 IST">
          <reporter-output>
          </reporter-output>
        </test-method> <!-- setup -->
        <test-method status="PASS" signature="Reports()[pri:0, instance:testscripts.ExecuteFile@1e4a7dd4]" name="Reports" is-config="true" duration-ms="573" started-at="2023-03-16T20:20:36 IST" finished-at="2023-03-16T20:20:37 IST">
          <reporter-output>
          </reporter-output>
        </test-method> <!-- Reports -->
        <test-method status="PASS" signature="login()[pri:1, instance:testscripts.ExecuteFile@1e4a7dd4]" name="login" duration-ms="4271" started-at="2023-03-16T20:20:37 IST" finished-at="2023-03-16T20:20:41 IST">
          <reporter-output>
          </reporter-output>
        </test-method> <!-- login -->
        <test-method status="PASS" signature="failure(org.testng.ITestResult)[pri:0, instance:testscripts.ExecuteFile@1e4a7dd4]" name="failure" is-config="true" duration-ms="4" started-at="2023-03-16T20:20:41 IST" finished-at="2023-03-16T20:20:41 IST">
          <params>
            <param index="0">
              <value>
                <![CDATA[[TestResult name=login status=SUCCESS method=ExecuteFile.login()[pri:1, instance:testscripts.ExecuteFile@1e4a7dd4] output={null}]]]>
              </value>
            </param>
          </params>
          <reporter-output>
          </reporter-output>
        </test-method> <!-- failure -->
        <test-method status="PASS" signature="additem(java.lang.String,java.lang.String)[pri:2, instance:testscripts.ExecuteFile@1e4a7dd4]" name="additem" duration-ms="3178" started-at="2023-03-16T20:20:41 IST" data-provider="products" finished-at="2023-03-16T20:20:44 IST">
          <params>
            <param index="0">
              <value>
                <![CDATA[Phones]]>
              </value>
            </param>
            <param index="1">
              <value>
                <![CDATA[Samsung galaxy s6]]>
              </value>
            </param>
          </params>
          <reporter-output>
          </reporter-output>
        </test-method> <!-- additem -->
        <test-method status="PASS" signature="failure(org.testng.ITestResult)[pri:0, instance:testscripts.ExecuteFile@1e4a7dd4]" name="failure" is-config="true" duration-ms="1" started-at="2023-03-16T20:20:44 IST" finished-at="2023-03-16T20:20:44 IST">
          <params>
            <param index="0">
              <value>
                <![CDATA[[TestResult name=additem status=SUCCESS method=ExecuteFile.additem(java.lang.String,java.lang.String)[pri:2, instance:testscripts.ExecuteFile@1e4a7dd4] output={null}]]]>
              </value>
            </param>
          </params>
          <reporter-output>
          </reporter-output>
        </test-method> <!-- failure -->
        <test-method status="FAIL" signature="additem(java.lang.String,java.lang.String)[pri:2, instance:testscripts.ExecuteFile@1e4a7dd4]" name="additem" duration-ms="548" started-at="2023-03-16T20:20:44 IST" data-provider="products" finished-at="2023-03-16T20:20:45 IST">
          <params>
            <param index="0">
              <value>
                <![CDATA[Phones]]>
              </value>
            </param>
            <param index="1">
              <value>
                <![CDATA[Nokia lumia 1520]]>
              </value>
            </param>
          </params>
          <exception class="org.openqa.selenium.StaleElementReferenceException">
            <message>
              <![CDATA[stale element reference: element is not attached to the page document
  (Session info: chrome=111.0.5563.65)
For documentation on this error, please visit: https://selenium.dev/exceptions/#stale_element_reference
Build info: version: '4.6.0', revision: '79f1c02ae20'
System info: os.name: 'Windows 11', os.arch: 'amd64', os.version: '10.0', java.version: '1.8.0_331'
Driver info: org.openqa.selenium.chrome.ChromeDriver
Command: [79dfde003edfe6ebfbe5d04be77fdcc5, clickElement {id=4faedca8-4d47-4e27-b3bc-999ecac5f9e0}]
Capabilities {acceptInsecureCerts: false, browserName: chrome, browserVersion: 111.0.5563.65, chrome: {chromedriverVersion: 111.0.5563.64 (c710e93d5b63..., userDataDir: C:\Users\HP\AppData\Local\T...}, goog:chromeOptions: {debuggerAddress: localhost:59387}, networkConnectionEnabled: false, pageLoadStrategy: normal, platformName: WINDOWS, proxy: Proxy(), se:cdp: ws://localhost:59387/devtoo..., se:cdpVersion: 111.0.5563.65, setWindowRect: true, strictFileInteractability: false, timeouts: {implicit: 0, pageLoad: 300000, script: 30000}, unhandledPromptBehavior: dismiss and notify, webauthn:extension:credBlob: true, webauthn:extension:largeBlob: true, webauthn:extension:minPinLength: true, webauthn:extension:prf: true, webauthn:virtualAuthenticators: true}
Element: [[ChromeDriver: chrome on WINDOWS (79dfde003edfe6ebfbe5d04be77fdcc5)] -> partial link text: Nokia lumia 1520]
Session ID: 79dfde003edfe6ebfbe5d04be77fdcc5]]>
            </message>
            <full-stacktrace>
              <![CDATA[org.openqa.selenium.StaleElementReferenceException: stale element reference: element is not attached to the page document
  (Session info: chrome=111.0.5563.65)
For documentation on this error, please visit: https://selenium.dev/exceptions/#stale_element_reference
Build info: version: '4.6.0', revision: '79f1c02ae20'
System info: os.name: 'Windows 11', os.arch: 'amd64', os.version: '10.0', java.version: '1.8.0_331'
Driver info: org.openqa.selenium.chrome.ChromeDriver
Command: [79dfde003edfe6ebfbe5d04be77fdcc5, clickElement {id=4faedca8-4d47-4e27-b3bc-999ecac5f9e0}]
Capabilities {acceptInsecureCerts: false, browserName: chrome, browserVersion: 111.0.5563.65, chrome: {chromedriverVersion: 111.0.5563.64 (c710e93d5b63..., userDataDir: C:\Users\HP\AppData\Local\T...}, goog:chromeOptions: {debuggerAddress: localhost:59387}, networkConnectionEnabled: false, pageLoadStrategy: normal, platformName: WINDOWS, proxy: Proxy(), se:cdp: ws://localhost:59387/devtoo..., se:cdpVersion: 111.0.5563.65, setWindowRect: true, strictFileInteractability: false, timeouts: {implicit: 0, pageLoad: 300000, script: 30000}, unhandledPromptBehavior: dismiss and notify, webauthn:extension:credBlob: true, webauthn:extension:largeBlob: true, webauthn:extension:minPinLength: true, webauthn:extension:prf: true, webauthn:virtualAuthenticators: true}
Element: [[ChromeDriver: chrome on WINDOWS (79dfde003edfe6ebfbe5d04be77fdcc5)] -> partial link text: Nokia lumia 1520]
Session ID: 79dfde003edfe6ebfbe5d04be77fdcc5
at sun.reflect.NativeConstructorAccessorImpl.newInstance0(Native Method)
at sun.reflect.NativeConstructorAccessorImpl.newInstance(NativeConstructorAccessorImpl.java:62)
at sun.reflect.DelegatingConstructorAccessorImpl.newInstance(DelegatingConstructorAccessorImpl.java:45)
at java.lang.reflect.Constructor.newInstance(Constructor.java:423)
at org.openqa.selenium.remote.codec.w3c.W3CHttpResponseCodec.createException(W3CHttpResponseCodec.java:200)
at org.openqa.selenium.remote.codec.w3c.W3CHttpResponseCodec.decode(W3CHttpResponseCodec.java:133)
at org.openqa.selenium.remote.codec.w3c.W3CHttpResponseCodec.decode(W3CHttpResponseCodec.java:53)
at org.openqa.selenium.remote.HttpCommandExecutor.execute(HttpCommandExecutor.java:184)
at org.openqa.selenium.remote.service.DriverCommandExecutor.invokeExecute(DriverCommandExecutor.java:167)
at org.openqa.selenium.remote.service.DriverCommandExecutor.execute(DriverCommandExecutor.java:142)
at org.openqa.selenium.remote.RemoteWebDriver.execute(RemoteWebDriver.java:541)
at org.openqa.selenium.remote.RemoteWebElement.execute(RemoteWebElement.java:257)
at org.openqa.selenium.remote.RemoteWebElement.click(RemoteWebElement.java:78)
at pageloader.Selectionpage.select(Selectionpage.java:40)
at testscripts.ExecuteFile.additem(ExecuteFile.java:72)
at sun.reflect.NativeMethodAccessorImpl.invoke0(Native Method)
at sun.reflect.NativeMethodAccessorImpl.invoke(NativeMethodAccessorImpl.java:62)
at sun.reflect.DelegatingMethodAccessorImpl.invoke(DelegatingMethodAccessorImpl.java:43)
at java.lang.reflect.Method.invoke(Method.java:498)
at org.testng.internal.invokers.MethodInvocationHelper.invokeMethod(MethodInvocationHelper.java:135)
at org.testng.internal.invokers.TestInvoker.invokeMethod(TestInvoker.java:673)
at org.testng.internal.invokers.TestInvoker.invokeTestMethod(TestInvoker.java:220)
at org.testng.internal.invokers.MethodRunner.runInSequence(MethodRunner.java:50)
at org.testng.internal.invokers.TestInvoker$MethodInvocationAgent.invoke(TestInvoker.java:945)
at org.testng.internal.invokers.TestInvoker.invokeTestMethods(TestInvoker.java:193)
at org.testng.internal.invokers.TestMethodWorker.invokeTestMethods(TestMethodWorker.java:146)
at org.testng.internal.invokers.TestMethodWorker.run(TestMethodWorker.java:128)
at java.util.ArrayList.forEach(ArrayList.java:1259)
at org.testng.TestRunner.privateRun(TestRunner.java:808)
at org.testng.TestRunner.run(TestRunner.java:603)
at org.testng.SuiteRunner.runTest(SuiteRunner.java:429)
at org.testng.SuiteRunner.runSequentially(SuiteRunner.java:423)
at org.testng.SuiteRunner.privateRun(SuiteRunner.java:383)
at org.testng.SuiteRunner.run(SuiteRunner.java:326)
at org.testng.SuiteRunnerWorker.runSuite(SuiteRunnerWorker.java:52)
at org.testng.SuiteRunnerWorker.run(SuiteRunnerWorker.java:95)
at org.testng.TestNG.runSuitesSequentially(TestNG.java:1249)
at org.testng.TestNG.runSuitesLocally(TestNG.java:1169)
at org.testng.TestNG.runSuites(TestNG.java:1092)
at org.testng.TestNG.run(TestNG.java:1060)
at org.testng.remote.AbstractRemoteTestNG.run(AbstractRemoteTestNG.java:115)
at org.testng.remote.RemoteTestNG.initAndRun(RemoteTestNG.java:251)
at org.testng.remote.RemoteTestNG.main(RemoteTestNG.java:77)
]]>
            </full-stacktrace>
          </exception> <!-- org.openqa.selenium.StaleElementReferenceException -->
          <reporter-output>
          </reporter-output>
        </test-method> <!-- additem -->
        <test-method status="PASS" signature="failure(org.testng.ITestResult)[pri:0, instance:testscripts.ExecuteFile@1e4a7dd4]" name="failure" is-config="true" duration-ms="726" started-at="2023-03-16T20:20:45 IST" finished-at="2023-03-16T20:20:45 IST">
          <params>
            <param index="0">
              <value>
                <![CDATA[[TestResult name=additem status=FAILURE method=ExecuteFile.additem(java.lang.String,java.lang.String)[pri:2, instance:testscripts.ExecuteFile@1e4a7dd4] output={null}]]]>
              </value>
            </param>
          </params>
          <reporter-output>
          </reporter-output>
        </test-method> <!-- failure -->
        <test-method status="PASS" signature="additem(java.lang.String,java.lang.String)[pri:2, instance:testscripts.ExecuteFile@1e4a7dd4]" name="additem" duration-ms="4885" started-at="2023-03-16T20:20:45 IST" data-provider="products" finished-at="2023-03-16T20:20:50 IST">
          <params>
            <param index="0">
              <value>
                <![CDATA[Laptops]]>
              </value>
            </param>
            <param index="1">
              <value>
                <![CDATA[MacBook air]]>
              </value>
            </param>
          </params>
          <reporter-output>
          </reporter-output>
        </test-method> <!-- additem -->
        <test-method status="PASS" signature="failure(org.testng.ITestResult)[pri:0, instance:testscripts.ExecuteFile@1e4a7dd4]" name="failure" is-config="true" duration-ms="1" started-at="2023-03-16T20:20:50 IST" finished-at="2023-03-16T20:20:50 IST">
          <params>
            <param index="0">
              <value>
                <![CDATA[[TestResult name=additem status=SUCCESS method=ExecuteFile.additem(java.lang.String,java.lang.String)[pri:2, instance:testscripts.ExecuteFile@1e4a7dd4] output={null}]]]>
              </value>
            </param>
          </params>
          <reporter-output>
          </reporter-output>
        </test-method> <!-- failure -->
        <test-method status="PASS" signature="additem(java.lang.String,java.lang.String)[pri:2, instance:testscripts.ExecuteFile@1e4a7dd4]" name="additem" duration-ms="2992" started-at="2023-03-16T20:20:50 IST" data-provider="products" finished-at="2023-03-16T20:20:53 IST">
          <params>
            <param index="0">
              <value>
                <![CDATA[Laptops]]>
              </value>
            </param>
            <param index="1">
              <value>
                <![CDATA[MacBook Pro]]>
              </value>
            </param>
          </params>
          <reporter-output>
          </reporter-output>
        </test-method> <!-- additem -->
        <test-method status="PASS" signature="failure(org.testng.ITestResult)[pri:0, instance:testscripts.ExecuteFile@1e4a7dd4]" name="failure" is-config="true" duration-ms="1" started-at="2023-03-16T20:20:53 IST" finished-at="2023-03-16T20:20:53 IST">
          <params>
            <param index="0">
              <value>
                <![CDATA[[TestResult name=additem status=SUCCESS method=ExecuteFile.additem(java.lang.String,java.lang.String)[pri:2, instance:testscripts.ExecuteFile@1e4a7dd4] output={null}]]]>
              </value>
            </param>
          </params>
          <reporter-output>
          </reporter-output>
        </test-method> <!-- failure -->
        <test-method status="PASS" signature="additem(java.lang.String,java.lang.String)[pri:2, instance:testscripts.ExecuteFile@1e4a7dd4]" name="additem" duration-ms="3625" started-at="2023-03-16T20:20:53 IST" data-provider="products" finished-at="2023-03-16T20:20:57 IST">
          <params>
            <param index="0">
              <value>
                <![CDATA[Monitors]]>
              </value>
            </param>
            <param index="1">
              <value>
                <![CDATA[Apple monitor 24]]>
              </value>
            </param>
          </params>
          <reporter-output>
          </reporter-output>
        </test-method> <!-- additem -->
        <test-method status="PASS" signature="failure(org.testng.ITestResult)[pri:0, instance:testscripts.ExecuteFile@1e4a7dd4]" name="failure" is-config="true" duration-ms="1" started-at="2023-03-16T20:20:57 IST" finished-at="2023-03-16T20:20:57 IST">
          <params>
            <param index="0">
              <value>
                <![CDATA[[TestResult name=additem status=SUCCESS method=ExecuteFile.additem(java.lang.String,java.lang.String)[pri:2, instance:testscripts.ExecuteFile@1e4a7dd4] output={null}]]]>
              </value>
            </param>
          </params>
          <reporter-output>
          </reporter-output>
        </test-method> <!-- failure -->
        <test-method status="PASS" signature="cart()[pri:3, instance:testscripts.ExecuteFile@1e4a7dd4]" name="cart" duration-ms="2135" started-at="2023-03-16T20:20:57 IST" finished-at="2023-03-16T20:20:59 IST">
          <reporter-output>
          </reporter-output>
        </test-method> <!-- cart -->
        <test-method status="PASS" signature="failure(org.testng.ITestResult)[pri:0, instance:testscripts.ExecuteFile@1e4a7dd4]" name="failure" is-config="true" duration-ms="1" started-at="2023-03-16T20:20:59 IST" finished-at="2023-03-16T20:20:59 IST">
          <params>
            <param index="0">
              <value>
                <![CDATA[[TestResult name=cart status=SUCCESS method=ExecuteFile.cart()[pri:3, instance:testscripts.ExecuteFile@1e4a7dd4] output={null}]]]>
              </value>
            </param>
          </params>
          <reporter-output>
          </reporter-output>
        </test-method> <!-- failure -->
        <test-method status="PASS" signature="del_cart()[pri:4, instance:testscripts.ExecuteFile@1e4a7dd4]" name="del_cart" duration-ms="224" started-at="2023-03-16T20:20:59 IST" depends-on-methods="testscripts.ExecuteFile.cart" finished-at="2023-03-16T20:20:59 IST">
          <reporter-output>
          </reporter-output>
        </test-method> <!-- del_cart -->
        <test-method status="PASS" signature="failure(org.testng.ITestResult)[pri:0, instance:testscripts.ExecuteFile@1e4a7dd4]" name="failure" is-config="true" duration-ms="0" started-at="2023-03-16T20:20:59 IST" finished-at="2023-03-16T20:20:59 IST">
          <params>
            <param index="0">
              <value>
                <![CDATA[[TestResult name=del_cart status=SUCCESS method=ExecuteFile.del_cart()[pri:4, instance:testscripts.ExecuteFile@1e4a7dd4] output={null}]]]>
              </value>
            </param>
          </params>
          <reporter-output>
          </reporter-output>
        </test-method> <!-- failure -->
        <test-method status="FAIL" signature="finalise()[pri:5, instance:testscripts.ExecuteFile@1e4a7dd4]" name="finalise" duration-ms="76478" started-at="2023-03-16T20:20:59 IST" finished-at="2023-03-16T20:22:16 IST">
          <exception class="org.openqa.selenium.NoSuchElementException">
            <message>
              <![CDATA[no such element: Unable to locate element: {"method":"xpath","selector":"//h2[text()='Thank you for your purchase!']"}
  (Session info: chrome=111.0.5563.65)
For documentation on this error, please visit: https://selenium.dev/exceptions/#no_such_element
Build info: version: '4.6.0', revision: '79f1c02ae20'
System info: os.name: 'Windows 11', os.arch: 'amd64', os.version: '10.0', java.version: '1.8.0_331'
Driver info: org.openqa.selenium.chrome.ChromeDriver
Command: [79dfde003edfe6ebfbe5d04be77fdcc5, findElement {using=xpath, value=//h2[text()='Thank you for your purchase!']}]
Capabilities {acceptInsecureCerts: false, browserName: chrome, browserVersion: 111.0.5563.65, chrome: {chromedriverVersion: 111.0.5563.64 (c710e93d5b63..., userDataDir: C:\Users\HP\AppData\Local\T...}, goog:chromeOptions: {debuggerAddress: localhost:59387}, networkConnectionEnabled: false, pageLoadStrategy: normal, platformName: WINDOWS, proxy: Proxy(), se:cdp: ws://localhost:59387/devtoo..., se:cdpVersion: 111.0.5563.65, setWindowRect: true, strictFileInteractability: false, timeouts: {implicit: 0, pageLoad: 300000, script: 30000}, unhandledPromptBehavior: dismiss and notify, webauthn:extension:credBlob: true, webauthn:extension:largeBlob: true, webauthn:extension:minPinLength: true, webauthn:extension:prf: true, webauthn:virtualAuthenticators: true}
Session ID: 79dfde003edfe6ebfbe5d04be77fdcc5]]>
            </message>
            <full-stacktrace>
              <![CDATA[org.openqa.selenium.NoSuchElementException: no such element: Unable to locate element: {"method":"xpath","selector":"//h2[text()='Thank you for your purchase!']"}
  (Session info: chrome=111.0.5563.65)
For documentation on this error, please visit: https://selenium.dev/exceptions/#no_such_element
Build info: version: '4.6.0', revision: '79f1c02ae20'
System info: os.name: 'Windows 11', os.arch: 'amd64', os.version: '10.0', java.version: '1.8.0_331'
Driver info: org.openqa.selenium.chrome.ChromeDriver
Command: [79dfde003edfe6ebfbe5d04be77fdcc5, findElement {using=xpath, value=//h2[text()='Thank you for your purchase!']}]
Capabilities {acceptInsecureCerts: false, browserName: chrome, browserVersion: 111.0.5563.65, chrome: {chromedriverVersion: 111.0.5563.64 (c710e93d5b63..., userDataDir: C:\Users\HP\AppData\Local\T...}, goog:chromeOptions: {debuggerAddress: localhost:59387}, networkConnectionEnabled: false, pageLoadStrategy: normal, platformName: WINDOWS, proxy: Proxy(), se:cdp: ws://localhost:59387/devtoo..., se:cdpVersion: 111.0.5563.65, setWindowRect: true, strictFileInteractability: false, timeouts: {implicit: 0, pageLoad: 300000, script: 30000}, unhandledPromptBehavior: dismiss and notify, webauthn:extension:credBlob: true, webauthn:extension:largeBlob: true, webauthn:extension:minPinLength: true, webauthn:extension:prf: true, webauthn:virtualAuthenticators: true}
Session ID: 79dfde003edfe6ebfbe5d04be77fdcc5
at sun.reflect.NativeConstructorAccessorImpl.newInstance0(Native Method)
at sun.reflect.NativeConstructorAccessorImpl.newInstance(NativeConstructorAccessorImpl.java:62)
at sun.reflect.DelegatingConstructorAccessorImpl.newInstance(DelegatingConstructorAccessorImpl.java:45)
at java.lang.reflect.Constructor.newInstance(Constructor.java:423)
at org.openqa.selenium.remote.codec.w3c.W3CHttpResponseCodec.createException(W3CHttpResponseCodec.java:200)
at org.openqa.selenium.remote.codec.w3c.W3CHttpResponseCodec.decode(W3CHttpResponseCodec.java:133)
at org.openqa.selenium.remote.codec.w3c.W3CHttpResponseCodec.decode(W3CHttpResponseCodec.java:53)
at org.openqa.selenium.remote.HttpCommandExecutor.execute(HttpCommandExecutor.java:184)
at org.openqa.selenium.remote.service.DriverCommandExecutor.invokeExecute(DriverCommandExecutor.java:167)
at org.openqa.selenium.remote.service.DriverCommandExecutor.execute(DriverCommandExecutor.java:142)
at org.openqa.selenium.remote.RemoteWebDriver.execute(RemoteWebDriver.java:541)
at org.openqa.selenium.remote.ElementLocation$ElementFinder$2.findElement(ElementLocation.java:162)
at org.openqa.selenium.remote.ElementLocation.findElement(ElementLocation.java:60)
at org.openqa.selenium.remote.RemoteWebDriver.findElement(RemoteWebDriver.java:365)
at org.openqa.selenium.remote.RemoteWebDriver.findElement(RemoteWebDriver.java:357)
at org.openqa.selenium.support.pagefactory.DefaultElementLocator.findElement(DefaultElementLocator.java:70)
at org.openqa.selenium.support.pagefactory.internal.LocatingElementHandler.invoke(LocatingElementHandler.java:39)
at com.sun.proxy.$Proxy18.getText(Unknown Source)
at testscripts.ExecuteFile.finalise(ExecuteFile.java:106)
at sun.reflect.NativeMethodAccessorImpl.invoke0(Native Method)
at sun.reflect.NativeMethodAccessorImpl.invoke(NativeMethodAccessorImpl.java:62)
at sun.reflect.DelegatingMethodAccessorImpl.invoke(DelegatingMethodAccessorImpl.java:43)
at java.lang.reflect.Method.invoke(Method.java:498)
at org.testng.internal.invokers.MethodInvocationHelper.invokeMethod(MethodInvocationHelper.java:135)
at org.testng.internal.invokers.TestInvoker.invokeMethod(TestInvoker.java:673)
at org.testng.internal.invokers.TestInvoker.invokeTestMethod(TestInvoker.java:220)
at org.testng.internal.invokers.MethodRunner.runInSequence(MethodRunner.java:50)
at org.testng.internal.invokers.TestInvoker$MethodInvocationAgent.invoke(TestInvoker.java:945)
at org.testng.internal.invokers.TestInvoker.invokeTestMethods(TestInvoker.java:193)
at org.testng.internal.invokers.TestMethodWorker.invokeTestMethods(TestMethodWorker.java:146)
at org.testng.internal.invokers.TestMethodWorker.run(TestMethodWorker.java:128)
at java.util.ArrayList.forEach(ArrayList.java:1259)
at org.testng.TestRunner.privateRun(TestRunner.java:808)
at org.testng.TestRunner.run(TestRunner.java:603)
at org.testng.SuiteRunner.runTest(SuiteRunner.java:429)
at org.testng.SuiteRunner.runSequentially(SuiteRunner.java:423)
at org.testng.SuiteRunner.privateRun(SuiteRunner.java:383)
at org.testng.SuiteRunner.run(SuiteRunner.java:326)
at org.testng.SuiteRunnerWorker.runSuite(SuiteRunnerWorker.java:52)
at org.testng.SuiteRunnerWorker.run(SuiteRunnerWorker.java:95)
at org.testng.TestNG.runSuitesSequentially(TestNG.java:1249)
at org.testng.TestNG.runSuitesLocally(TestNG.java:1169)
at org.testng.TestNG.runSuites(TestNG.java:1092)
at org.testng.TestNG.run(TestNG.java:1060)
at org.testng.remote.AbstractRemoteTestNG.run(AbstractRemoteTestNG.java:115)
at org.testng.remote.RemoteTestNG.initAndRun(RemoteTestNG.java:251)
at org.testng.remote.RemoteTestNG.main(RemoteTestNG.java:77)
]]>
            </full-stacktrace>
          </exception> <!-- org.openqa.selenium.NoSuchElementException -->
          <reporter-output>
          </reporter-output>
        </test-method> <!-- finalise -->
        <test-method status="PASS" signature="failure(org.testng.ITestResult)[pri:0, instance:testscripts.ExecuteFile@1e4a7dd4]" name="failure" is-config="true" duration-ms="717" started-at="2023-03-16T20:22:16 IST" finished-at="2023-03-16T20:22:16 IST">
          <params>
            <param index="0">
              <value>
                <![CDATA[[TestResult name=finalise status=FAILURE method=ExecuteFile.finalise()[pri:5, instance:testscripts.ExecuteFile@1e4a7dd4] output={null}]]]>
              </value>
            </param>
          </params>
          <reporter-output>
          </reporter-output>
        </test-method> <!-- failure -->
        <test-method status="PASS" signature="extentfinishUp()[pri:0, instance:testscripts.ExecuteFile@1e4a7dd4]" name="extentfinishUp" is-config="true" duration-ms="456" started-at="2023-03-16T20:22:16 IST" finished-at="2023-03-16T20:22:17 IST">
          <reporter-output>
          </reporter-output>
        </test-method> <!-- extentfinishUp -->
      </class> <!-- testscripts.ExecuteFile -->
    </test> <!-- Default test -->
  </suite> <!-- Default suite -->
</testng-results>
